<?xml version="1.0" encoding="UTF-8"?>
<!-- Generated by org.testng.reporters.JUnitReportReporter -->
<testsuite skipped="0" hostname="MacBook-Pro-Lena.local" name="SearchTest" tests="2" failures="0" timestamp="2022-01-16T21:34:13 MSK" time="0.004" errors="0">
  <testcase name="openGoogleComInChromeTest" time="0.004" classname="SearchTest"/>
  <system-out/>
  <testcase name="openGoogleComInChromeTest2" time="0.000" classname="SearchTest"/>
  <system-out/>
</testsuite> <!-- SearchTest -->
